2024-09-09 07:07:26,080 - Error processing date for file C:\Users\princ\Downloads\preeti\partlater\097b6f526f2bc770c7606ebbc0836141.jpg: No date found
2024-09-09 07:07:26,091 - Error processing date for file C:\Users\princ\Downloads\preeti\partlater\09c29fe9-0a2a-4955-b3f1-0f7a8bf50076_1681886317_20-_201000.00_20To_20Mr_20ADWETA_20DASH_20on_20Google_20Pay.png: No date found
2024-09-09 07:07:26,091 - Error processing date for file C:\Users\princ\Downloads\preeti\partlater\1 (2).jpg: No date found
2024-09-09 07:07:26,091 - Error processing date for file C:\Users\princ\Downloads\preeti\partlater\1 - Copy.jpg: No date found
2024-09-09 07:07:26,091 - Error processing date for file C:\Users\princ\Downloads\preeti\partlater\1.jpg: No date found
2024-09-09 07:07:26,091 - Error processing date for file C:\Users\princ\Downloads\preeti\partlater\117 - Copy.jpg: No date found
2024-09-09 07:07:26,091 - Error processing date for file C:\Users\princ\Downloads\preeti\partlater\117.jpg: No date found
2024-09-09 07:07:26,091 - Error processing date for file C:\Users\princ\Downloads\preeti\partlater\118.jpg: No date found
2024-09-09 07:07:26,092 - Error processing date for file C:\Users\princ\Downloads\preeti\partlater\119.jpg: No date found
2024-09-09 07:07:26,092 - Error processing date for file C:\Users\princ\Downloads\preeti\partlater\120.jpg: No date found
2024-09-09 07:07:26,092 - Error processing date for file C:\Users\princ\Downloads\preeti\partlater\122.jpg: No date found
2024-09-09 07:07:26,092 - Error processing date for file C:\Users\princ\Downloads\preeti\partlater\123-edited.jpg: No date found
2024-09-09 07:07:26,092 - Error processing date for file C:\Users\princ\Downloads\preeti\partlater\124-edited.jpg: No date found
2024-09-09 07:07:26,092 - Error processing date for file C:\Users\princ\Downloads\preeti\partlater\124.jpg: No date found
2024-09-09 07:07:26,092 - Error processing date for file C:\Users\princ\Downloads\preeti\partlater\125-edited.jpg: No date found
2024-09-09 07:07:26,092 - Error processing date for file C:\Users\princ\Downloads\preeti\partlater\125.jpg: No date found
2024-09-09 07:07:26,092 - Error processing date for file C:\Users\princ\Downloads\preeti\partlater\126-edited.jpg: No date found
2024-09-09 07:07:26,092 - Error processing date for file C:\Users\princ\Downloads\preeti\partlater\126.jpg: No date found
2024-09-09 07:07:26,092 - Error processing date for file C:\Users\princ\Downloads\preeti\partlater\127.jpg: No date found
2024-09-09 07:07:26,092 - Error processing date for file C:\Users\princ\Downloads\preeti\partlater\14980691_613540565437385_4672409003415237258_n.jpg: No date found
2024-09-09 07:07:26,093 - Error processing date for file C:\Users\princ\Downloads\preeti\partlater\1521437540226_second-black.png: No date found
2024-09-09 07:07:26,093 - Error processing date for file C:\Users\princ\Downloads\preeti\partlater\1698038997766.jpg: No date found
2024-09-09 07:07:26,093 - Error processing date for file C:\Users\princ\Downloads\preeti\partlater\1707928049261.jpg: No date found
2024-09-09 07:07:26,093 - File: C:\Users\princ\Downloads\preeti\partlater\2016-01-27-22-53-45-374.jpg, Date: 2016-01-27 00:00:00
2024-09-09 07:07:26,093 - File: C:\Users\princ\Downloads\preeti\partlater\2016-01-27-22-56-10-775.jpg, Date: 2016-01-27 00:00:00
2024-09-09 07:07:26,093 - File: C:\Users\princ\Downloads\preeti\partlater\2016-04-18-12-38-46-996.jpg, Date: 2016-04-18 00:00:00
2024-09-09 07:07:26,093 - File: C:\Users\princ\Downloads\preeti\partlater\2016-04-18-12-40-40-270.jpg, Date: 2016-04-18 00:00:00
2024-09-09 07:07:26,094 - File: C:\Users\princ\Downloads\preeti\partlater\2016-04-18-12-46-05-134.jpg, Date: 2016-04-18 00:00:00
2024-09-09 07:07:26,094 - File: C:\Users\princ\Downloads\preeti\partlater\2016-09-01-00-43-32-953.jpg, Date: 2016-09-01 00:00:00
2024-09-09 07:07:26,094 - File: C:\Users\princ\Downloads\preeti\partlater\2016-10-31-15-05-46-402.jpg, Date: 2016-10-31 00:00:00
2024-09-09 07:07:26,094 - File: C:\Users\princ\Downloads\preeti\partlater\2016-10-31-15-08-07-877.jpg, Date: 2016-10-31 00:00:00
2024-09-09 07:07:26,094 - File: C:\Users\princ\Downloads\preeti\partlater\2016-10-31-15-10-53-907-1.jpg, Date: 2016-10-31 00:00:00
2024-09-09 07:07:26,094 - File: C:\Users\princ\Downloads\preeti\partlater\2016-10-31-15-46-34-941-1.jpg, Date: 2016-10-31 00:00:00
2024-09-09 07:07:26,094 - File: C:\Users\princ\Downloads\preeti\partlater\2016-11-11-19-55-03-584.jpg, Date: 2016-11-11 00:00:00
2024-09-09 07:07:26,094 - File: C:\Users\princ\Downloads\preeti\partlater\2016-11-11-21-16-50-208.jpg, Date: 2016-11-11 00:00:00
2024-09-09 07:07:26,094 - File: C:\Users\princ\Downloads\preeti\partlater\2016-11-14-22-48-47-359.jpg, Date: 2016-11-14 00:00:00
2024-09-09 07:07:26,094 - File: C:\Users\princ\Downloads\preeti\partlater\2016-11-14-22-51-47-027.jpg, Date: 2016-11-14 00:00:00
2024-09-09 07:07:26,094 - File: C:\Users\princ\Downloads\preeti\partlater\2016-11-17-18-38-01-472.jpg, Date: 2016-11-17 00:00:00
2024-09-09 07:07:26,094 - File: C:\Users\princ\Downloads\preeti\partlater\2016-12-25-00-19-06-960.jpg, Date: 2016-12-25 00:00:00
2024-09-09 07:07:26,094 - File: C:\Users\princ\Downloads\preeti\partlater\2016-12-25-00-23-21-610.jpg, Date: 2016-12-25 00:00:00
2024-09-09 07:07:26,094 - File: C:\Users\princ\Downloads\preeti\partlater\2017-01-07-01-37-14-861.jpg, Date: 2017-01-07 00:00:00
2024-09-09 07:07:26,094 - File: C:\Users\princ\Downloads\preeti\partlater\2017-01-07-01-49-08-163.jpg, Date: 2017-01-07 00:00:00
2024-09-09 07:07:26,094 - File: C:\Users\princ\Downloads\preeti\partlater\2017-01-07-01-50-30-825.jpg, Date: 2017-01-07 00:00:00
2024-09-09 07:07:26,094 - File: C:\Users\princ\Downloads\preeti\partlater\2017-01-29-14-05-29-950.jpg, Date: 2017-01-29 00:00:00
2024-09-09 07:07:26,095 - File: C:\Users\princ\Downloads\preeti\partlater\2017-01-29-15-23-10-387.jpg, Date: 2017-01-29 00:00:00
2024-09-09 07:07:26,095 - File: C:\Users\princ\Downloads\preeti\partlater\2017-01-29-15-23-32-515.jpg, Date: 2017-01-29 00:00:00
2024-09-09 07:07:26,095 - File: C:\Users\princ\Downloads\preeti\partlater\2017-02-01-10-25-30-431.jpg, Date: 2017-02-01 00:00:00
2024-09-09 07:07:26,095 - File: C:\Users\princ\Downloads\preeti\partlater\2017-02-01-12-02-14-617.jpg, Date: 2017-02-01 00:00:00
2024-09-09 07:07:26,095 - File: C:\Users\princ\Downloads\preeti\partlater\2017-02-01-12-05-18-746.jpg, Date: 2017-02-01 00:00:00
2024-09-09 07:07:26,095 - File: C:\Users\princ\Downloads\preeti\partlater\2017-02-01-12-06-28-826.jpg, Date: 2017-02-01 00:00:00
2024-09-09 07:07:26,095 - File: C:\Users\princ\Downloads\preeti\partlater\2017-02-01-12-06-57-131.jpg, Date: 2017-02-01 00:00:00
2024-09-09 07:07:26,095 - File: C:\Users\princ\Downloads\preeti\partlater\2017-02-01-12-09-01-255.jpg, Date: 2017-02-01 00:00:00
2024-09-09 07:07:26,095 - File: C:\Users\princ\Downloads\preeti\partlater\2017-02-01-12-21-15-963.jpg, Date: 2017-02-01 00:00:00
2024-09-09 07:07:26,095 - File: C:\Users\princ\Downloads\preeti\partlater\2017-02-01-12-21-33-986.jpg, Date: 2017-02-01 00:00:00
2024-09-09 07:07:26,095 - File: C:\Users\princ\Downloads\preeti\partlater\2017-02-01-12-22-06-929.jpg, Date: 2017-02-01 00:00:00
2024-09-09 07:07:26,095 - File: C:\Users\princ\Downloads\preeti\partlater\2017-02-01-12-22-59-140.jpg, Date: 2017-02-01 00:00:00
2024-09-09 07:07:26,095 - File: C:\Users\princ\Downloads\preeti\partlater\2017-02-01-12-23-50-099.jpg, Date: 2017-02-01 00:00:00
2024-09-09 07:07:26,095 - File: C:\Users\princ\Downloads\preeti\partlater\2017-02-01-12-24-03-898.jpg, Date: 2017-02-01 00:00:00
2024-09-09 07:07:26,095 - File: C:\Users\princ\Downloads\preeti\partlater\2017-02-01-12-24-50-475.jpg, Date: 2017-02-01 00:00:00
2024-09-09 07:07:26,095 - File: C:\Users\princ\Downloads\preeti\partlater\2017-02-01-12-25-16-832.jpg, Date: 2017-02-01 00:00:00
2024-09-09 07:07:26,095 - File: C:\Users\princ\Downloads\preeti\partlater\2018-02-17-18-56-49-573.jpg, Date: 2018-02-17 00:00:00
2024-09-09 07:07:26,095 - File: C:\Users\princ\Downloads\preeti\partlater\2018-02-17-21-47-46-944.jpg, Date: 2018-02-17 00:00:00
2024-09-09 07:07:26,095 - File: C:\Users\princ\Downloads\preeti\partlater\2018-03-19-21-29-35-164.jpg, Date: 2018-03-19 00:00:00
2024-09-09 07:07:26,096 - Skipping non-image file: C:\Users\princ\Downloads\preeti\partlater\20230302_125250_04.mp4
2024-09-09 07:07:26,096 - Skipping non-image file: C:\Users\princ\Downloads\preeti\partlater\20230302_125250_07.mp4
2024-09-09 07:07:26,096 - Skipping non-image file: C:\Users\princ\Downloads\preeti\partlater\20230302_125250_99.mp4
2024-09-09 07:07:26,096 - Skipping non-image file: C:\Users\princ\Downloads\preeti\partlater\20230320_012017.mp4
2024-09-09 07:07:26,096 - Skipping non-image file: C:\Users\princ\Downloads\preeti\partlater\20230403_190546_99.mp4
2024-09-09 07:07:26,096 - Skipping non-image file: C:\Users\princ\Downloads\preeti\partlater\20230506_124624.mp4
2024-09-09 07:07:26,096 - Skipping non-image file: C:\Users\princ\Downloads\preeti\partlater\20230506_130251.mp4
2024-09-09 07:07:26,096 - Skipping non-image file: C:\Users\princ\Downloads\preeti\partlater\20230518_190244.mp4
2024-09-09 07:07:26,096 - Skipping non-image file: C:\Users\princ\Downloads\preeti\partlater\20230628_123325.mp4
2024-09-09 07:07:26,096 - Skipping non-image file: C:\Users\princ\Downloads\preeti\partlater\20230701_120846.mp4
2024-09-09 07:07:26,096 - Skipping non-image file: C:\Users\princ\Downloads\preeti\partlater\20230701_120857.mp4
2024-09-09 07:07:26,096 - Skipping non-image file: C:\Users\princ\Downloads\preeti\partlater\20230704_202421.mp4
2024-09-09 07:07:26,096 - Skipping non-image file: C:\Users\princ\Downloads\preeti\partlater\20230704_202502.mp4
2024-09-09 07:07:26,096 - Skipping non-image file: C:\Users\princ\Downloads\preeti\partlater\20230707_023106.MP4
2024-09-09 07:07:26,096 - Skipping non-image file: C:\Users\princ\Downloads\preeti\partlater\20230718_160204.MP4
2024-09-09 07:07:26,096 - Skipping non-image file: C:\Users\princ\Downloads\preeti\partlater\20230718_194318.MP4
2024-09-09 07:07:26,096 - Skipping non-image file: C:\Users\princ\Downloads\preeti\partlater\20230718_194341.MP4
2024-09-09 07:07:26,096 - Skipping non-image file: C:\Users\princ\Downloads\preeti\partlater\20230718_194348.MP4
2024-09-09 07:07:26,096 - Skipping non-image file: C:\Users\princ\Downloads\preeti\partlater\20230718_194356.MP4
2024-09-09 07:07:26,096 - Skipping non-image file: C:\Users\princ\Downloads\preeti\partlater\20230718_194400.MP4
2024-09-09 07:07:26,096 - Skipping non-image file: C:\Users\princ\Downloads\preeti\partlater\20230718_194414.MP4
2024-09-09 07:07:26,096 - Skipping non-image file: C:\Users\princ\Downloads\preeti\partlater\20230718_194420.MP4
2024-09-09 07:07:26,096 - Skipping non-image file: C:\Users\princ\Downloads\preeti\partlater\20230720_172430.MP4
2024-09-09 07:07:26,096 - Skipping non-image file: C:\Users\princ\Downloads\preeti\partlater\20230721_123305.MP4
2024-09-09 07:07:26,096 - Skipping non-image file: C:\Users\princ\Downloads\preeti\partlater\20230721_123317.MP4
2024-09-09 07:07:26,096 - Skipping non-image file: C:\Users\princ\Downloads\preeti\partlater\20230721_123522.MP4
2024-09-09 07:07:26,096 - Skipping non-image file: C:\Users\princ\Downloads\preeti\partlater\20230721_123525.MP4
2024-09-09 07:07:26,096 - Skipping non-image file: C:\Users\princ\Downloads\preeti\partlater\20230721_150342.MP4
2024-09-09 07:07:26,096 - Skipping non-image file: C:\Users\princ\Downloads\preeti\partlater\20230721_150722.MP4
2024-09-09 07:07:26,097 - Skipping non-image file: C:\Users\princ\Downloads\preeti\partlater\20230721_170244.MP4
2024-09-09 07:07:26,097 - Skipping non-image file: C:\Users\princ\Downloads\preeti\partlater\20230721_170253.MP4
2024-09-09 07:07:26,097 - Skipping non-image file: C:\Users\princ\Downloads\preeti\partlater\20230729_063525.MP4
2024-09-09 07:07:26,097 - Skipping non-image file: C:\Users\princ\Downloads\preeti\partlater\20230729_063538.MP4
2024-09-09 07:07:26,097 - Skipping non-image file: C:\Users\princ\Downloads\preeti\partlater\20230729_063619.MP4
2024-09-09 07:07:26,097 - Skipping non-image file: C:\Users\princ\Downloads\preeti\partlater\20230729_063625.MP4
2024-09-09 07:07:26,097 - Skipping non-image file: C:\Users\princ\Downloads\preeti\partlater\20230729_111438_04.mp4
2024-09-09 07:07:26,097 - Skipping non-image file: C:\Users\princ\Downloads\preeti\partlater\20230729_111438_08.mp4
2024-09-09 07:07:26,097 - Skipping non-image file: C:\Users\princ\Downloads\preeti\partlater\20230729_111438_99.mp4
2024-09-09 07:07:26,097 - Skipping non-image file: C:\Users\princ\Downloads\preeti\partlater\20230729_111502_06.mp4
2024-09-09 07:07:26,097 - Skipping non-image file: C:\Users\princ\Downloads\preeti\partlater\20230729_111502_99.mp4
2024-09-09 07:07:26,097 - Skipping non-image file: C:\Users\princ\Downloads\preeti\partlater\20230801_162327.MP4
2024-09-09 07:07:26,097 - Skipping non-image file: C:\Users\princ\Downloads\preeti\partlater\20230813_194152_01.mp4
2024-09-09 07:07:26,097 - Skipping non-image file: C:\Users\princ\Downloads\preeti\partlater\20230813_194152_02.mp4
2024-09-09 07:07:26,097 - Skipping non-image file: C:\Users\princ\Downloads\preeti\partlater\20230813_194152_99.mp4
2024-09-09 07:07:26,097 - Skipping non-image file: C:\Users\princ\Downloads\preeti\partlater\20230813_223222_99.mp4
2024-09-09 07:07:26,097 - Skipping non-image file: C:\Users\princ\Downloads\preeti\partlater\20230814_194857.mp4
2024-09-09 07:07:26,097 - Skipping non-image file: C:\Users\princ\Downloads\preeti\partlater\20230817_090201.MP4
2024-09-09 07:07:26,097 - Skipping non-image file: C:\Users\princ\Downloads\preeti\partlater\20230904_213801.mp4
2024-09-09 07:07:26,097 - Skipping non-image file: C:\Users\princ\Downloads\preeti\partlater\20230904_215745_04.mp4
2024-09-09 07:07:26,097 - Skipping non-image file: C:\Users\princ\Downloads\preeti\partlater\20230904_215745_06-LAPTOP-PE107S70.mp4
2024-09-09 07:07:26,097 - Skipping non-image file: C:\Users\princ\Downloads\preeti\partlater\20230904_215745_06.mp4
2024-09-09 07:07:26,097 - Skipping non-image file: C:\Users\princ\Downloads\preeti\partlater\20230904_215745_99.mp4
2024-09-09 07:07:26,097 - Skipping non-image file: C:\Users\princ\Downloads\preeti\partlater\20230908_002055-LAPTOP-PE107S70-LAPTOP-PE107S70.mp4
2024-09-09 07:07:26,097 - Skipping non-image file: C:\Users\princ\Downloads\preeti\partlater\20230908_151647.mp4
2024-09-09 07:07:26,097 - Skipping non-image file: C:\Users\princ\Downloads\preeti\partlater\20230918_184425.MP4
2024-09-09 07:07:26,097 - Skipping non-image file: C:\Users\princ\Downloads\preeti\partlater\20230918_184525-LAPTOP-PE107S70.MP4
2024-09-09 07:07:26,097 - Skipping non-image file: C:\Users\princ\Downloads\preeti\partlater\20230918_184525.MP4
2024-09-09 07:07:26,097 - Skipping non-image file: C:\Users\princ\Downloads\preeti\partlater\20230918_184530.MP4
2024-09-09 07:07:26,097 - Skipping non-image file: C:\Users\princ\Downloads\preeti\partlater\20230930_224912_99.mp4
2024-09-09 07:07:26,097 - Skipping non-image file: C:\Users\princ\Downloads\preeti\partlater\20231006_222131_01-LAPTOP-PE107S70-LAPTOP-PE107.mp4
2024-09-09 07:07:26,098 - Skipping non-image file: C:\Users\princ\Downloads\preeti\partlater\20231006_222131_01.mp4
2024-09-09 07:07:26,098 - Skipping non-image file: C:\Users\princ\Downloads\preeti\partlater\20231006_222131_02-LAPTOP-PE107S70-LAPTOP-PE107.mp4
2024-09-09 07:07:26,098 - Skipping non-image file: C:\Users\princ\Downloads\preeti\partlater\20231006_222131_02.mp4
2024-09-09 07:07:26,098 - Skipping non-image file: C:\Users\princ\Downloads\preeti\partlater\20231006_222131_99-LAPTOP-PE107S70-LAPTOP-PE107.mp4
2024-09-09 07:07:26,098 - Skipping non-image file: C:\Users\princ\Downloads\preeti\partlater\20231006_222131_99.mp4
2024-09-09 07:07:26,098 - Skipping non-image file: C:\Users\princ\Downloads\preeti\partlater\20231009_040618-LAPTOP-PE107S70.MP4
2024-09-09 07:07:26,098 - Skipping non-image file: C:\Users\princ\Downloads\preeti\partlater\20231009_040618.MP4
2024-09-09 07:07:26,098 - Skipping non-image file: C:\Users\princ\Downloads\preeti\partlater\20231011_193720.MP4
2024-09-09 07:07:26,098 - Skipping non-image file: C:\Users\princ\Downloads\preeti\partlater\20231011_193724.MP4
2024-09-09 07:07:26,098 - Skipping non-image file: C:\Users\princ\Downloads\preeti\partlater\20231011_193741.MP4
2024-09-09 07:07:26,098 - Skipping non-image file: C:\Users\princ\Downloads\preeti\partlater\20231011_193744.MP4
2024-09-09 07:07:26,098 - Skipping non-image file: C:\Users\princ\Downloads\preeti\partlater\20231019_160327.MP4
2024-09-09 07:07:26,098 - Skipping non-image file: C:\Users\princ\Downloads\preeti\partlater\20231026_135513.mp4
2024-09-09 07:07:26,098 - Skipping non-image file: C:\Users\princ\Downloads\preeti\partlater\20231028_181102.MP4
2024-09-09 07:07:26,098 - Skipping non-image file: C:\Users\princ\Downloads\preeti\partlater\20231113_093505.MP4
2024-09-09 07:07:26,098 - Skipping non-image file: C:\Users\princ\Downloads\preeti\partlater\20231118_073208.MP4
2024-09-09 07:07:26,098 - Skipping non-image file: C:\Users\princ\Downloads\preeti\partlater\20231118_225735.MP4
2024-09-09 07:07:26,098 - Skipping non-image file: C:\Users\princ\Downloads\preeti\partlater\20231119_005514.MP4
2024-09-09 07:07:26,098 - Skipping non-image file: C:\Users\princ\Downloads\preeti\partlater\20231119_021303.MP4
2024-09-09 07:07:26,098 - Skipping non-image file: C:\Users\princ\Downloads\preeti\partlater\20231119_021307.MP4
2024-09-09 07:07:26,098 - Skipping non-image file: C:\Users\princ\Downloads\preeti\partlater\20231119_021312.MP4
2024-09-09 07:07:26,098 - Skipping non-image file: C:\Users\princ\Downloads\preeti\partlater\20231122_173508.MP4
2024-09-09 07:07:26,098 - Skipping non-image file: C:\Users\princ\Downloads\preeti\partlater\20231127_234637.MP4
2024-09-09 07:07:26,098 - Skipping non-image file: C:\Users\princ\Downloads\preeti\partlater\20231202_154536.MP4
2024-09-09 07:07:26,098 - Skipping non-image file: C:\Users\princ\Downloads\preeti\partlater\20231206_123138.mp4
2024-09-09 07:07:26,098 - Skipping non-image file: C:\Users\princ\Downloads\preeti\partlater\20231208_170425.mp4
2024-09-09 07:07:26,098 - Skipping non-image file: C:\Users\princ\Downloads\preeti\partlater\20231212_004853.MP4
2024-09-09 07:07:26,098 - Skipping non-image file: C:\Users\princ\Downloads\preeti\partlater\20231214_125625.MP4
2024-09-09 07:07:26,098 - Skipping non-image file: C:\Users\princ\Downloads\preeti\partlater\20240309_133725_04.mp4
2024-09-09 07:07:26,098 - Skipping non-image file: C:\Users\princ\Downloads\preeti\partlater\20240309_133725_06.mp4
2024-09-09 07:07:26,098 - Skipping non-image file: C:\Users\princ\Downloads\preeti\partlater\20240309_133725_99.mp4
2024-09-09 07:07:26,099 - Skipping non-image file: C:\Users\princ\Downloads\preeti\partlater\20240309_150654_06.mp4
2024-09-09 07:07:26,099 - Skipping non-image file: C:\Users\princ\Downloads\preeti\partlater\20240309_150654_99.mp4
2024-09-09 07:07:26,099 - Skipping non-image file: C:\Users\princ\Downloads\preeti\partlater\20240309_150812_05.mp4
2024-09-09 07:07:26,099 - Error processing date for file C:\Users\princ\Downloads\preeti\partlater\21.jpg: No date found
2024-09-09 07:07:26,099 - Error processing date for file C:\Users\princ\Downloads\preeti\partlater\3.jpg: No date found
2024-09-09 07:07:26,099 - Error processing date for file C:\Users\princ\Downloads\preeti\partlater\36a668314743c773c1836db49ceea2f6.jpg: No date found
2024-09-09 07:07:26,099 - Error processing date for file C:\Users\princ\Downloads\preeti\partlater\36cbaff0-ba7f-4b6f-9df8-0712f1463a41.JPG: No date found
2024-09-09 07:07:26,099 - Error processing date for file C:\Users\princ\Downloads\preeti\partlater\62688-Bruce-Springsteen-Quote-In-a-restless-heart-the-seed-of-betrayal.jpg: No date found
2024-09-09 07:07:26,099 - Skipping non-image file: C:\Users\princ\Downloads\preeti\partlater\7afazul-22-04-2023-0001.mp4
2024-09-09 07:07:26,099 - File: C:\Users\princ\Downloads\preeti\partlater\Aastha 20161005_114558.jpg, Date: 2016-10-05 00:00:00
2024-09-09 07:07:26,099 - File: C:\Users\princ\Downloads\preeti\partlater\Annie Aunty 20161212_142240.jpg, Date: 2016-12-12 00:00:00
2024-09-09 07:07:26,099 - Skipping non-image file: C:\Users\princ\Downloads\preeti\partlater\ashab_ahmad_ansari-09-03-2023-0001.mp4
2024-09-09 07:07:26,099 - Error processing date for file C:\Users\princ\Downloads\preeti\partlater\B07Z4DJ99S.MAIN_1024x1024.jpg: No date found
2024-09-09 07:07:26,099 - Error processing date for file C:\Users\princ\Downloads\preeti\partlater\Background-1.jpg: No date found
2024-09-09 07:07:26,099 - Error processing date for file C:\Users\princ\Downloads\preeti\partlater\Background.jpg: No date found
2024-09-09 07:07:26,099 - Skipping non-image file: C:\Users\princ\Downloads\preeti\partlater\banner5.webp
2024-09-09 07:07:26,099 - Error processing date for file C:\Users\princ\Downloads\preeti\partlater\Betrayal-Quotes-Tumblr-24.jpg: No date found
2024-09-09 07:07:26,099 - Skipping non-image file: C:\Users\princ\Downloads\preeti\partlater\bollywoodbling-12-04-2023-0001.mp4
2024-09-09 07:07:26,100 - Error processing date for file C:\Users\princ\Downloads\preeti\partlater\c01939534f2b246026175d684f2d9deb.jpg: No date found
2024-09-09 07:07:26,100 - Skipping non-image file: C:\Users\princ\Downloads\preeti\partlater\coloraza_interiordesign-10-03-2023-0001.mp4
2024-09-09 07:07:26,100 - File: C:\Users\princ\Downloads\preeti\partlater\Daddy 20161224_002732.jpg, Date: 2016-12-24 00:00:00
2024-09-09 07:07:26,100 - Skipping non-image file: C:\Users\princ\Downloads\preeti\partlater\dr.bhagyashreee-17-04-2023-0001.mp4
2024-09-09 07:07:26,100 - Skipping non-image file: C:\Users\princ\Downloads\preeti\partlater\dr.m_____-11-04-2023-0001.mp4
2024-09-09 07:07:26,100 - Skipping non-image file: C:\Users\princ\Downloads\preeti\partlater\draft_4490846112_1683883715_0e4ac397-f5c1-4345-.mp4
2024-09-09 07:07:26,100 - Error processing date for file C:\Users\princ\Downloads\preeti\partlater\farm1-1.jpg: No date found
2024-09-09 07:07:26,100 - Error processing date for file C:\Users\princ\Downloads\preeti\partlater\farm2-1.jpg: No date found
2024-09-09 07:07:26,100 - Error processing date for file C:\Users\princ\Downloads\preeti\partlater\farm3.jpg: No date found
2024-09-09 07:07:26,100 - Error processing date for file C:\Users\princ\Downloads\preeti\partlater\FB_IMG_14788688647597834.jpg: No date found
2024-09-09 07:07:26,100 - Error processing date for file C:\Users\princ\Downloads\preeti\partlater\FB_IMG_14788689201129265.jpg: No date found
2024-09-09 07:07:26,101 - Error processing date for file C:\Users\princ\Downloads\preeti\partlater\FB_IMG_1485371688655.jpg: No date found
2024-09-09 07:07:26,101 - Error processing date for file C:\Users\princ\Downloads\preeti\partlater\FB_IMG_1486315372336.jpg: No date found
2024-09-09 07:07:26,101 - Error processing date for file C:\Users\princ\Downloads\preeti\partlater\FB_IMG_1487080986617.jpg: No date found
2024-09-09 07:07:26,101 - Error processing date for file C:\Users\princ\Downloads\preeti\partlater\FB_IMG_1487081000624.jpg: No date found
2024-09-09 07:07:26,101 - Error processing date for file C:\Users\princ\Downloads\preeti\partlater\FB_IMG_1487081008867.jpg: No date found
2024-09-09 07:07:26,102 - Error processing date for file C:\Users\princ\Downloads\preeti\partlater\FB_IMG_1487081018857.jpg: No date found
2024-09-09 07:07:26,102 - Error processing date for file C:\Users\princ\Downloads\preeti\partlater\FB_IMG_1487081034872.jpg: No date found
2024-09-09 07:07:26,102 - Error processing date for file C:\Users\princ\Downloads\preeti\partlater\FB_IMG_1487081056412.jpg: No date found
2024-09-09 07:07:26,102 - Error processing date for file C:\Users\princ\Downloads\preeti\partlater\FB_IMG_1487081092606.jpg: No date found
2024-09-09 07:07:26,103 - Error processing date for file C:\Users\princ\Downloads\preeti\partlater\FB_IMG_1487081102175.jpg: No date found
2024-09-09 07:07:26,103 - Error processing date for file C:\Users\princ\Downloads\preeti\partlater\FB_IMG_1487440429865.jpg: No date found
2024-09-09 07:07:26,103 - Error processing date for file C:\Users\princ\Downloads\preeti\partlater\FB_IMG_1488791462659.jpg: No date found
2024-09-09 07:07:26,103 - Error processing date for file C:\Users\princ\Downloads\preeti\partlater\FB_IMG_1489166473576.jpg: No date found
2024-09-09 07:07:26,103 - Error processing date for file C:\Users\princ\Downloads\preeti\partlater\FB_IMG_1491297407218.jpg: No date found
2024-09-09 07:07:26,104 - Error processing date for file C:\Users\princ\Downloads\preeti\partlater\FB_IMG_1491670697581.jpg: No date found
2024-09-09 07:07:26,104 - Error processing date for file C:\Users\princ\Downloads\preeti\partlater\FB_IMG_1495800895433.jpg: No date found
2024-09-09 07:07:26,104 - Error processing date for file C:\Users\princ\Downloads\preeti\partlater\FB_IMG_1495987990282.jpg: No date found
2024-09-09 07:07:26,104 - Error processing date for file C:\Users\princ\Downloads\preeti\partlater\FB_IMG_1495988387913.jpg: No date found
2024-09-09 07:07:26,104 - Error processing date for file C:\Users\princ\Downloads\preeti\partlater\FB_IMG_1495999885409.jpg: No date found
2024-09-09 07:07:26,105 - Error processing date for file C:\Users\princ\Downloads\preeti\partlater\FB_IMG_1496398206848.jpg: No date found
2024-09-09 07:07:26,105 - Error processing date for file C:\Users\princ\Downloads\preeti\partlater\FB_IMG_1496419378278.jpg: No date found
2024-09-09 07:07:26,105 - Error processing date for file C:\Users\princ\Downloads\preeti\partlater\FB_IMG_1496426091852.jpg: No date found
2024-09-09 07:07:26,105 - Error processing date for file C:\Users\princ\Downloads\preeti\partlater\FB_IMG_1496911486540.jpg: No date found
2024-09-09 07:07:26,106 - Error processing date for file C:\Users\princ\Downloads\preeti\partlater\FB_IMG_1496911558313.jpg: No date found
2024-09-09 07:07:26,106 - Error processing date for file C:\Users\princ\Downloads\preeti\partlater\FB_IMG_1496912728481.jpg: No date found
2024-09-09 07:07:26,106 - Error processing date for file C:\Users\princ\Downloads\preeti\partlater\FB_IMG_1496928619968.jpg: No date found
2024-09-09 07:07:26,106 - Error processing date for file C:\Users\princ\Downloads\preeti\partlater\FB_IMG_1496952958280.jpg: No date found
2024-09-09 07:07:26,106 - Error processing date for file C:\Users\princ\Downloads\preeti\partlater\FB_IMG_1497350641671.jpg: No date found
2024-09-09 07:07:26,107 - Error processing date for file C:\Users\princ\Downloads\preeti\partlater\FB_IMG_1498028597328.jpg: No date found
2024-09-09 07:07:26,107 - Error processing date for file C:\Users\princ\Downloads\preeti\partlater\FB_IMG_1498472800779.jpg: No date found
2024-09-09 07:07:26,107 - Error processing date for file C:\Users\princ\Downloads\preeti\partlater\FB_IMG_1498472985478.jpg: No date found
2024-09-09 07:07:26,107 - Error processing date for file C:\Users\princ\Downloads\preeti\partlater\FB_IMG_1498835311497.jpg: No date found
2024-09-09 07:07:26,108 - Error processing date for file C:\Users\princ\Downloads\preeti\partlater\FB_IMG_1499809217723.jpg: No date found
2024-09-09 07:07:26,108 - Error processing date for file C:\Users\princ\Downloads\preeti\partlater\FB_IMG_1500846866031.jpg: No date found
2024-09-09 07:07:26,108 - Error processing date for file C:\Users\princ\Downloads\preeti\partlater\FB_IMG_1501344457650.jpg: No date found
2024-09-09 07:07:26,108 - Error processing date for file C:\Users\princ\Downloads\preeti\partlater\FB_IMG_1501503961978.jpg: No date found
2024-09-09 07:07:26,108 - Error processing date for file C:\Users\princ\Downloads\preeti\partlater\FB_IMG_1501534011698.jpg: No date found
2024-09-09 07:07:26,109 - Error processing date for file C:\Users\princ\Downloads\preeti\partlater\FB_IMG_1503326634781.jpg: No date found
2024-09-09 07:07:26,109 - Error processing date for file C:\Users\princ\Downloads\preeti\partlater\FB_IMG_1503505996787.jpg: No date found
2024-09-09 07:07:26,109 - Error processing date for file C:\Users\princ\Downloads\preeti\partlater\FB_IMG_1503596022825.jpg: No date found
2024-09-09 07:07:26,109 - Error processing date for file C:\Users\princ\Downloads\preeti\partlater\FB_IMG_1504584349972.jpg: No date found
2024-09-09 07:07:26,109 - Error processing date for file C:\Users\princ\Downloads\preeti\partlater\FB_IMG_1504800034491.jpg: No date found
2024-09-09 07:07:26,110 - Error processing date for file C:\Users\princ\Downloads\preeti\partlater\FB_IMG_1505659279070.jpg: No date found
2024-09-09 07:07:26,110 - Error processing date for file C:\Users\princ\Downloads\preeti\partlater\FB_IMG_1505689256725.jpg: No date found
2024-09-09 07:07:26,110 - Error processing date for file C:\Users\princ\Downloads\preeti\partlater\FB_IMG_1506272466664.jpg: No date found
2024-09-09 07:07:26,110 - Error processing date for file C:\Users\princ\Downloads\preeti\partlater\FB_IMG_1508002058920.jpg: No date found
2024-09-09 07:07:26,111 - Error processing date for file C:\Users\princ\Downloads\preeti\partlater\FB_IMG_1508002130502.jpg: No date found
2024-09-09 07:07:26,111 - Error processing date for file C:\Users\princ\Downloads\preeti\partlater\FB_IMG_1509110344927.jpg: No date found
2024-09-09 07:07:26,111 - Error processing date for file C:\Users\princ\Downloads\preeti\partlater\FB_IMG_1510138747898.jpg: No date found
2024-09-09 07:07:26,111 - Error processing date for file C:\Users\princ\Downloads\preeti\partlater\FB_IMG_1510381296022.jpg: No date found
2024-09-09 07:07:26,111 - Error processing date for file C:\Users\princ\Downloads\preeti\partlater\FB_IMG_1510396669585.jpg: No date found
2024-09-09 07:07:26,112 - Error processing date for file C:\Users\princ\Downloads\preeti\partlater\FB_IMG_1510396698026.jpg: No date found
2024-09-09 07:07:26,112 - Error processing date for file C:\Users\princ\Downloads\preeti\partlater\FB_IMG_1519433110834.jpg: No date found
2024-09-09 07:07:26,112 - Error processing date for file C:\Users\princ\Downloads\preeti\partlater\FB_IMG_1523625170554.jpg: No date found
2024-09-09 07:07:26,112 - Error processing date for file C:\Users\princ\Downloads\preeti\partlater\FB_IMG_1586254089836.jpg: No date found
2024-09-09 07:07:26,112 - Error processing date for file C:\Users\princ\Downloads\preeti\partlater\FB_IMG_1586254097211.jpg: No date found
2024-09-09 07:07:26,113 - Error processing date for file C:\Users\princ\Downloads\preeti\partlater\FB_IMG_1588102096497.jpg: No date found
2024-09-09 07:07:26,113 - Error processing date for file C:\Users\princ\Downloads\preeti\partlater\FB_IMG_1588102149310.jpg: No date found
2024-09-09 07:07:26,113 - Error processing date for file C:\Users\princ\Downloads\preeti\partlater\fd7e7514f8526e118b460066b61df16d.jpg: No date found
2024-09-09 07:07:26,113 - Skipping non-image file: C:\Users\princ\Downloads\preeti\partlater\feelworld49-16-04-2023-0001.mp4
2024-09-09 07:07:26,113 - File: C:\Users\princ\Downloads\preeti\partlater\file_2023-07-17_11.01.31.png, Date: 2023-07-17 00:00:00
2024-09-09 07:07:26,113 - File: C:\Users\princ\Downloads\preeti\partlater\file_2023-07-25_08.32.27.png, Date: 2023-07-25 00:00:00
2024-09-09 07:07:26,113 - File: C:\Users\princ\Downloads\preeti\partlater\file_2023-09-06_12.54.20.png, Date: 2023-09-06 00:00:00
2024-09-09 07:07:26,113 - File: C:\Users\princ\Downloads\preeti\partlater\file_2024-07-28_20.55.35.png, Date: 2024-07-28 00:00:00
2024-09-09 07:07:26,113 - File: C:\Users\princ\Downloads\preeti\partlater\file_2024-07-30_00.30.50.png, Date: 2024-07-30 00:00:00
2024-09-09 07:07:26,113 - Error processing date for file C:\Users\princ\Downloads\preeti\partlater\gf.jpg: No date found
2024-09-09 07:07:26,113 - File: C:\Users\princ\Downloads\preeti\partlater\Guddu Bhai 20160917_221912.jpg, Date: 2016-09-17 00:00:00
2024-09-09 07:07:26,113 - File: C:\Users\princ\Downloads\preeti\partlater\Just Us\u2728 20230128_205545.jpg, Date: 2023-01-28 00:00:00
2024-09-09 07:07:26,114 - File: C:\Users\princ\Downloads\preeti\partlater\Kaagaz_20230601_103138045499-1.jpg, Date: 2023-06-01 00:00:00
2024-09-09 07:07:26,114 - Skipping non-image file: C:\Users\princ\Downloads\preeti\partlater\last_bench_studio-01-04-2023-0001.mp4
2024-09-09 07:07:26,114 - Skipping non-image file: C:\Users\princ\Downloads\preeti\partlater\last_bench_studio-01-04-2023-0002.mp4
2024-09-09 07:07:26,114 - Skipping non-image file: C:\Users\princ\Downloads\preeti\partlater\laughtercolours-09-04-2023-0001.mp4
2024-09-09 07:07:26,114 - Skipping non-image file: C:\Users\princ\Downloads\preeti\partlater\legallyfitjoshiba-28-04-2023-0001.mp4
2024-09-09 07:07:26,114 - File: C:\Users\princ\Downloads\preeti\partlater\Let_s catch up 20161231_203000.jpg, Date: 2016-12-31 00:00:00
2024-09-09 07:07:26,114 - File: C:\Users\princ\Downloads\preeti\partlater\Liza Uninor 20161025_005351.jpg, Date: 2016-10-25 00:00:00
2024-09-09 07:07:26,114 - File: C:\Users\princ\Downloads\preeti\partlater\Liza Uninor 20161026_100128.jpg, Date: 2016-10-26 00:00:00
2024-09-09 07:07:26,114 - Skipping non-image file: C:\Users\princ\Downloads\preeti\partlater\madan_chikna-25-06-2023-0001.mp4
2024-09-09 07:07:26,114 - File: C:\Users\princ\Downloads\preeti\partlater\Madhu 20160901_140339.jpg, Date: 2016-09-01 00:00:00
2024-09-09 07:07:26,114 - Error processing date for file C:\Users\princ\Downloads\preeti\partlater\media-representation-theory-1-320.jpg: No date found
2024-09-09 07:07:26,114 - File: C:\Users\princ\Downloads\preeti\partlater\Megha Siso Tata 20160915_233640.jpg, Date: 2016-09-15 00:00:00
2024-09-09 07:07:26,114 - File: C:\Users\princ\Downloads\preeti\partlater\Mom Uninr 20161205_235847.jpg, Date: 2016-12-05 00:00:00
2024-09-09 07:07:26,114 - Skipping non-image file: C:\Users\princ\Downloads\preeti\partlater\monicachaudhary_-23-04-2023-0001.mp4
2024-09-09 07:07:26,114 - File: C:\Users\princ\Downloads\preeti\partlater\null-20220801-WA0003.jpg, Date: 2022-08-01 00:00:00
2024-09-09 07:07:26,114 - File: C:\Users\princ\Downloads\preeti\partlater\null-20220811-WA0007.jpg, Date: 2022-08-11 00:00:00
2024-09-09 07:07:26,114 - File: C:\Users\princ\Downloads\preeti\partlater\null-20220818-WA0000.jpg, Date: 2022-08-18 00:00:00
2024-09-09 07:07:26,114 - Skipping non-image file: C:\Users\princ\Downloads\preeti\partlater\otrio.stationery-10-04-2023-0001.mp4
2024-09-09 07:07:26,114 - Skipping non-image file: C:\Users\princ\Downloads\preeti\partlater\peepalbaba-14-04-2023-0001.mp4
2024-09-09 07:07:26,114 - Skipping non-image file: C:\Users\princ\Downloads\preeti\partlater\peepalbaba-24-04-2023-0001.mp4
2024-09-09 07:07:26,114 - Skipping non-image file: C:\Users\princ\Downloads\preeti\partlater\phd_comic_with_j-27-03-2023-0001.mp4
2024-09-09 07:07:26,114 - Skipping non-image file: C:\Users\princ\Downloads\preeti\partlater\phd_meme_page-22-04-2023-0001.mp4
2024-09-09 07:07:26,115 - Error processing date for file C:\Users\princ\Downloads\preeti\partlater\Picture1.jpg: No date found
2024-09-09 07:07:26,115 - Error processing date for file C:\Users\princ\Downloads\preeti\partlater\Picture2.jpg: No date found
2024-09-09 07:07:26,115 - Error processing date for file C:\Users\princ\Downloads\preeti\partlater\Picture3.jpg: No date found
2024-09-09 07:07:26,115 - Error processing date for file C:\Users\princ\Downloads\preeti\partlater\Picture4.jpg: No date found
2024-09-09 07:07:26,115 - Skipping non-image file: C:\Users\princ\Downloads\preeti\partlater\pokemonmasterzo-27-04-2023-0001.mp4
2024-09-09 07:07:26,115 - File: C:\Users\princ\Downloads\preeti\partlater\poster_2020-05-19-010341.png, Date: 2020-05-19 00:00:00
2024-09-09 07:07:26,115 - File: C:\Users\princ\Downloads\preeti\partlater\poster_2020-05-19-045616.png, Date: 2020-05-19 00:00:00
2024-09-09 07:07:26,115 - File: C:\Users\princ\Downloads\preeti\partlater\poster_2020-05-19-123546.png, Date: 2020-05-19 00:00:00
2024-09-09 07:07:26,115 - File: C:\Users\princ\Downloads\preeti\partlater\poster_2020-05-19-123855.png, Date: 2020-05-19 00:00:00
2024-09-09 07:07:26,115 - File: C:\Users\princ\Downloads\preeti\partlater\poster_2020-05-19-124704.png, Date: 2020-05-19 00:00:00
2024-09-09 07:07:26,115 - Skipping non-image file: C:\Users\princ\Downloads\preeti\partlater\Preeti raining-1.mp4
2024-09-09 07:07:26,115 - Skipping non-image file: C:\Users\princ\Downloads\preeti\partlater\Preeti raining-2.mp4
2024-09-09 07:07:26,115 - Skipping non-image file: C:\Users\princ\Downloads\preeti\partlater\Preeti raining.mp4
2024-09-09 07:07:26,115 - File: C:\Users\princ\Downloads\preeti\partlater\preeti.dsh-25-03-2023-0001.jpg, Date: 2023-03-25 00:00:00
2024-09-09 07:07:26,115 - Error processing date for file C:\Users\princ\Downloads\preeti\partlater\Quotation-Jay-Asher-feelings-Meetville-Quotes-2712.jpg: No date found
2024-09-09 07:07:26,115 - Skipping non-image file: C:\Users\princ\Downloads\preeti\partlater\researchjourney101-09-04-2023-0001.mp4
2024-09-09 07:07:26,115 - File: C:\Users\princ\Downloads\preeti\partlater\Screenshot_2016-11-12-02-07-39-1.png, Date: 2016-11-12 00:00:00
2024-09-09 07:07:26,115 - File: C:\Users\princ\Downloads\preeti\partlater\Screenshot_20170206-154313.png, Date: 2017-02-06 00:00:00
2024-09-09 07:07:26,115 - Skipping non-image file: C:\Users\princ\Downloads\preeti\partlater\Screen_Recording_20230224-210017_WhatsApp.mp4
2024-09-09 07:07:26,115 - Error processing date for file C:\Users\princ\Downloads\preeti\partlater\second-black.png: No date found
2024-09-09 07:07:26,115 - Skipping non-image file: C:\Users\princ\Downloads\preeti\partlater\shivarchana_arsh-27-04-2023-0001.mp4
2024-09-09 07:07:26,115 - Error processing date for file C:\Users\princ\Downloads\preeti\partlater\Sidharth_Y2332858.jpg: No date found
2024-09-09 07:07:26,116 - Error processing date for file C:\Users\princ\Downloads\preeti\partlater\Snapchat-1086278157.jpg: No date found
2024-09-09 07:07:26,116 - Error processing date for file C:\Users\princ\Downloads\preeti\partlater\Snapchat-1132073689.jpg: No date found
2024-09-09 07:07:26,116 - Error processing date for file C:\Users\princ\Downloads\preeti\partlater\Snapchat-1197461874.jpg: No date found
2024-09-09 07:07:26,116 - Error processing date for file C:\Users\princ\Downloads\preeti\partlater\Snapchat-1233929383.jpg: No date found
2024-09-09 07:07:26,116 - Error processing date for file C:\Users\princ\Downloads\preeti\partlater\Snapchat-1249859737.jpg: No date found
2024-09-09 07:07:26,117 - Error processing date for file C:\Users\princ\Downloads\preeti\partlater\Snapchat-1300290008.jpg: No date found
2024-09-09 07:07:26,117 - Error processing date for file C:\Users\princ\Downloads\preeti\partlater\Snapchat-1478603002.jpg: No date found
2024-09-09 07:07:26,117 - Error processing date for file C:\Users\princ\Downloads\preeti\partlater\Snapchat-1488838677.jpg: No date found
2024-09-09 07:07:26,117 - Error processing date for file C:\Users\princ\Downloads\preeti\partlater\Snapchat-1579140707.jpg: No date found
2024-09-09 07:07:26,117 - Error processing date for file C:\Users\princ\Downloads\preeti\partlater\Snapchat-1591685900.jpg: No date found
2024-09-09 07:07:26,118 - Error processing date for file C:\Users\princ\Downloads\preeti\partlater\Snapchat-1648545087.jpg: No date found
2024-09-09 07:07:26,118 - Error processing date for file C:\Users\princ\Downloads\preeti\partlater\Snapchat-1660562881.jpg: No date found
2024-09-09 07:07:26,118 - Error processing date for file C:\Users\princ\Downloads\preeti\partlater\Snapchat-1849423765.jpg: No date found
2024-09-09 07:07:26,118 - Error processing date for file C:\Users\princ\Downloads\preeti\partlater\Snapchat-1856041508.jpg: No date found
2024-09-09 07:07:26,118 - Error processing date for file C:\Users\princ\Downloads\preeti\partlater\Snapchat-1861297812.jpg: No date found
2024-09-09 07:07:26,119 - Error processing date for file C:\Users\princ\Downloads\preeti\partlater\Snapchat-1870586267.jpg: No date found
2024-09-09 07:07:26,119 - Error processing date for file C:\Users\princ\Downloads\preeti\partlater\Snapchat-1870906964.jpg: No date found
2024-09-09 07:07:26,119 - Error processing date for file C:\Users\princ\Downloads\preeti\partlater\Snapchat-1917985530.jpg: No date found
2024-09-09 07:07:26,119 - Error processing date for file C:\Users\princ\Downloads\preeti\partlater\Snapchat-1983884024.jpg: No date found
2024-09-09 07:07:26,119 - Error processing date for file C:\Users\princ\Downloads\preeti\partlater\Snapchat-351744311.jpg: No date found
2024-09-09 07:07:26,120 - Error processing date for file C:\Users\princ\Downloads\preeti\partlater\Snapchat-387217018.jpg: No date found
2024-09-09 07:07:26,120 - Error processing date for file C:\Users\princ\Downloads\preeti\partlater\Snapchat-420729609.jpg: No date found
2024-09-09 07:07:26,120 - Error processing date for file C:\Users\princ\Downloads\preeti\partlater\Snapchat-610874596.jpg: No date found
2024-09-09 07:07:26,120 - Error processing date for file C:\Users\princ\Downloads\preeti\partlater\Snapchat-612353913.jpg: No date found
2024-09-09 07:07:26,120 - Error processing date for file C:\Users\princ\Downloads\preeti\partlater\Snapchat-903889554.jpg: No date found
2024-09-09 07:07:26,121 - Error processing date for file C:\Users\princ\Downloads\preeti\partlater\Snapchat-951453081.jpg: No date found
2024-09-09 07:07:26,121 - Error processing date for file C:\Users\princ\Downloads\preeti\partlater\SquareLite_201822102655198.jpg: No date found
2024-09-09 07:07:26,121 - Error processing date for file C:\Users\princ\Downloads\preeti\partlater\SquareLite_20204291279541.jpg: No date found
2024-09-09 07:07:26,121 - Skipping non-image file: C:\Users\princ\Downloads\preeti\partlater\squintneon2-13-04-2023-0001.mp4
2024-09-09 07:07:26,121 - Error processing date for file C:\Users\princ\Downloads\preeti\partlater\status_me_status_6a08e9c7b20f4d5e99e525e5606d35d7.jpg: No date found
2024-09-09 07:07:26,121 - Skipping non-image file: C:\Users\princ\Downloads\preeti\partlater\the.flowers.fan-02-05-2023-0001.mp4
2024-09-09 07:07:26,121 - Skipping non-image file: C:\Users\princ\Downloads\preeti\partlater\thelensartt-11-04-2023-0001.mp4
2024-09-09 07:07:26,121 - Skipping non-image file: C:\Users\princ\Downloads\preeti\partlater\thr.mp4
2024-09-09 07:07:26,121 - Error processing date for file C:\Users\princ\Downloads\preeti\partlater\Untitled-1.jpg: No date found
2024-09-09 07:07:26,121 - Error processing date for file C:\Users\princ\Downloads\preeti\partlater\Untitled-2.jpg: No date found
2024-09-09 07:07:26,121 - Error processing date for file C:\Users\princ\Downloads\preeti\partlater\Untitled-Scanned-08.jpg: No date found
2024-09-09 07:07:26,121 - Error processing date for file C:\Users\princ\Downloads\preeti\partlater\Untitled-Scanned-11.jpg: No date found
2024-09-09 07:07:26,121 - Skipping non-image file: C:\Users\princ\Downloads\preeti\partlater\VID-20200323-WA0003.mp4
2024-09-09 07:07:26,121 - Skipping non-image file: C:\Users\princ\Downloads\preeti\partlater\VID-20200326-WA0019.mp4
2024-09-09 07:07:26,121 - Skipping non-image file: C:\Users\princ\Downloads\preeti\partlater\VID-20200517-WA0003.mp4
2024-09-09 07:07:26,122 - Skipping non-image file: C:\Users\princ\Downloads\preeti\partlater\VID-20200529-WA0003.mp4
2024-09-09 07:07:26,122 - Skipping non-image file: C:\Users\princ\Downloads\preeti\partlater\VID-20200714-WA0009.mp4
2024-09-09 07:07:26,122 - Skipping non-image file: C:\Users\princ\Downloads\preeti\partlater\VID-20200816-WA0007.mp4
2024-09-09 07:07:26,122 - Skipping non-image file: C:\Users\princ\Downloads\preeti\partlater\VID-20200816-WA0008.mp4
2024-09-09 07:07:26,122 - Skipping non-image file: C:\Users\princ\Downloads\preeti\partlater\VID-20200922-WA0006.mp4
2024-09-09 07:07:26,122 - Skipping non-image file: C:\Users\princ\Downloads\preeti\partlater\VID-20200925-WA0000.mp4
2024-09-09 07:07:26,122 - Skipping non-image file: C:\Users\princ\Downloads\preeti\partlater\VID-20200928-WA0000.mp4
2024-09-09 07:07:26,122 - Skipping non-image file: C:\Users\princ\Downloads\preeti\partlater\VID-20200930-WA0009.mp4
2024-09-09 07:07:26,122 - Skipping non-image file: C:\Users\princ\Downloads\preeti\partlater\VID-20201006-WA0000.mp4
2024-09-09 07:07:26,122 - Skipping non-image file: C:\Users\princ\Downloads\preeti\partlater\VID-20201006-WA0001.mp4
2024-09-09 07:07:26,122 - Skipping non-image file: C:\Users\princ\Downloads\preeti\partlater\VID-20201009-WA0008.mp4
2024-09-09 07:07:26,122 - Skipping non-image file: C:\Users\princ\Downloads\preeti\partlater\VID-20201012-WA0000.mp4
2024-09-09 07:07:26,122 - Skipping non-image file: C:\Users\princ\Downloads\preeti\partlater\VID-20201028-WA0002.mp4
2024-09-09 07:07:26,122 - Skipping non-image file: C:\Users\princ\Downloads\preeti\partlater\VID-20201109-WA0091.mp4
2024-09-09 07:07:26,122 - Skipping non-image file: C:\Users\princ\Downloads\preeti\partlater\VID-20201127-WA0001.mp4
2024-09-09 07:07:26,122 - Skipping non-image file: C:\Users\princ\Downloads\preeti\partlater\VID-20201231-WA0123.mp4
2024-09-09 07:07:26,122 - Skipping non-image file: C:\Users\princ\Downloads\preeti\partlater\VID-20201231-WA0172.mp4
2024-09-09 07:07:26,122 - Skipping non-image file: C:\Users\princ\Downloads\preeti\partlater\VID-20210303-WA0010.mp4
2024-09-09 07:07:26,122 - Skipping non-image file: C:\Users\princ\Downloads\preeti\partlater\VID-20210724-WA0006.mp4
2024-09-09 07:07:26,122 - Skipping non-image file: C:\Users\princ\Downloads\preeti\partlater\VID-20210725-WA0024.mp4
2024-09-09 07:07:26,122 - Skipping non-image file: C:\Users\princ\Downloads\preeti\partlater\VID-20210920-WA0006.mp4
2024-09-09 07:07:26,122 - Skipping non-image file: C:\Users\princ\Downloads\preeti\partlater\VID-20211028-WA0002.mp4
2024-09-09 07:07:26,122 - Skipping non-image file: C:\Users\princ\Downloads\preeti\partlater\VID-20211031-WA0001.mp4
2024-09-09 07:07:26,122 - Skipping non-image file: C:\Users\princ\Downloads\preeti\partlater\VID-20211108-WA0001.mp4
2024-09-09 07:07:26,122 - Skipping non-image file: C:\Users\princ\Downloads\preeti\partlater\VID-20211203-WA0016.mp4
2024-09-09 07:07:26,122 - Skipping non-image file: C:\Users\princ\Downloads\preeti\partlater\VID-20211206-WA0001.mp4
2024-09-09 07:07:26,122 - Skipping non-image file: C:\Users\princ\Downloads\preeti\partlater\VID-20211210-WA0006.mp4
2024-09-09 07:07:26,122 - Skipping non-image file: C:\Users\princ\Downloads\preeti\partlater\VID-20211212-WA0001.mp4
2024-09-09 07:07:26,122 - Skipping non-image file: C:\Users\princ\Downloads\preeti\partlater\VID-20211212-WA0005.mp4
2024-09-09 07:07:26,122 - Skipping non-image file: C:\Users\princ\Downloads\preeti\partlater\VID-20211212-WA0009.mp4
2024-09-09 07:07:26,122 - Skipping non-image file: C:\Users\princ\Downloads\preeti\partlater\VID-20211214-WA0003.mp4
2024-09-09 07:07:26,122 - Skipping non-image file: C:\Users\princ\Downloads\preeti\partlater\VID-20211219-WA0017.mp4
2024-09-09 07:07:26,122 - Skipping non-image file: C:\Users\princ\Downloads\preeti\partlater\VID-20211220-WA0014.mp4
2024-09-09 07:07:26,124 - Skipping non-image file: C:\Users\princ\Downloads\preeti\partlater\VID-20220109-WA0005.mp4
2024-09-09 07:07:26,124 - Skipping non-image file: C:\Users\princ\Downloads\preeti\partlater\VID-20220109-WA0006.mp4
2024-09-09 07:07:26,124 - Skipping non-image file: C:\Users\princ\Downloads\preeti\partlater\VID-20220110-WA0000.mp4
2024-09-09 07:07:26,125 - Skipping non-image file: C:\Users\princ\Downloads\preeti\partlater\VID-20220126-WA0018.mp4
2024-09-09 07:07:26,125 - Skipping non-image file: C:\Users\princ\Downloads\preeti\partlater\VID-20220126-WA0019.mp4
2024-09-09 07:07:26,125 - Skipping non-image file: C:\Users\princ\Downloads\preeti\partlater\VID-20220130-WA0020.mp4
2024-09-09 07:07:26,125 - Skipping non-image file: C:\Users\princ\Downloads\preeti\partlater\VID-20220202-WA0013.mp4
2024-09-09 07:07:26,125 - Skipping non-image file: C:\Users\princ\Downloads\preeti\partlater\VID-20220210-WA0022.mp4
2024-09-09 07:07:26,125 - Skipping non-image file: C:\Users\princ\Downloads\preeti\partlater\VID-20220220-WA0005.mp4
2024-09-09 07:07:26,125 - Skipping non-image file: C:\Users\princ\Downloads\preeti\partlater\VID-20220224-WA0028.mp4
2024-09-09 07:07:26,125 - Skipping non-image file: C:\Users\princ\Downloads\preeti\partlater\VID-20220303-WA0013.mp4
2024-09-09 07:07:26,125 - Skipping non-image file: C:\Users\princ\Downloads\preeti\partlater\VID-20220402-WA0009.mp4
2024-09-09 07:07:26,125 - Skipping non-image file: C:\Users\princ\Downloads\preeti\partlater\VID-20220424-WA0001.mp4
2024-09-09 07:07:26,125 - Skipping non-image file: C:\Users\princ\Downloads\preeti\partlater\VID-20220428-WA0002.mp4
2024-09-09 07:07:26,125 - Skipping non-image file: C:\Users\princ\Downloads\preeti\partlater\VID-20220501-WA0015.mp4
2024-09-09 07:07:26,125 - Skipping non-image file: C:\Users\princ\Downloads\preeti\partlater\VID-20220503-WA0015.mp4
2024-09-09 07:07:26,125 - Skipping non-image file: C:\Users\princ\Downloads\preeti\partlater\VID-20220503-WA0018.mp4
2024-09-09 07:07:26,125 - Skipping non-image file: C:\Users\princ\Downloads\preeti\partlater\VID-20220504-WA0015.mp4
2024-09-09 07:07:26,126 - Skipping non-image file: C:\Users\princ\Downloads\preeti\partlater\VID-20220504-WA0016.mp4
2024-09-09 07:07:26,126 - Skipping non-image file: C:\Users\princ\Downloads\preeti\partlater\VID-20220504-WA0017.mp4
2024-09-09 07:07:26,126 - Skipping non-image file: C:\Users\princ\Downloads\preeti\partlater\VID-20220505-WA0008.mp4
2024-09-09 07:07:26,126 - Skipping non-image file: C:\Users\princ\Downloads\preeti\partlater\VID-20220526-WA0004.mp4
2024-09-09 07:07:26,126 - Skipping non-image file: C:\Users\princ\Downloads\preeti\partlater\VID-20220606-WA0009.mp4
2024-09-09 07:07:26,126 - Skipping non-image file: C:\Users\princ\Downloads\preeti\partlater\VID-20220608-WA0001.mp4
2024-09-09 07:07:26,126 - Skipping non-image file: C:\Users\princ\Downloads\preeti\partlater\VID-20220610-WA0005.mp4
2024-09-09 07:07:26,126 - Skipping non-image file: C:\Users\princ\Downloads\preeti\partlater\VID-20220610-WA0006.mp4
2024-09-09 07:07:26,126 - Skipping non-image file: C:\Users\princ\Downloads\preeti\partlater\VID-20220610-WA0007.mp4
2024-09-09 07:07:26,126 - Skipping non-image file: C:\Users\princ\Downloads\preeti\partlater\VID-20220626-WA0006.mp4
2024-09-09 07:07:26,126 - Skipping non-image file: C:\Users\princ\Downloads\preeti\partlater\VID-20220630-WA0001.mp4
2024-09-09 07:07:26,126 - Skipping non-image file: C:\Users\princ\Downloads\preeti\partlater\VID-20220701-WA0022.mp4
2024-09-09 07:07:26,126 - Skipping non-image file: C:\Users\princ\Downloads\preeti\partlater\VID-20220701-WA0023.mp4
2024-09-09 07:07:26,126 - Skipping non-image file: C:\Users\princ\Downloads\preeti\partlater\VID-20220714-WA0006.mp4
2024-09-09 07:07:26,126 - Skipping non-image file: C:\Users\princ\Downloads\preeti\partlater\VID-20220727-WA0000.mp4
2024-09-09 07:07:26,126 - Skipping non-image file: C:\Users\princ\Downloads\preeti\partlater\VID-20220808-WA0003.mp4
2024-09-09 07:07:26,126 - Skipping non-image file: C:\Users\princ\Downloads\preeti\partlater\VID-20220813-WA0000.mp4
2024-09-09 07:07:26,126 - Skipping non-image file: C:\Users\princ\Downloads\preeti\partlater\VID-20220831-WA0001.mp4
2024-09-09 07:07:26,126 - Skipping non-image file: C:\Users\princ\Downloads\preeti\partlater\VID-20220909-WA0055.mp4
2024-09-09 07:07:26,126 - Skipping non-image file: C:\Users\princ\Downloads\preeti\partlater\VID-20220918-WA0008.mp4
2024-09-09 07:07:26,126 - Skipping non-image file: C:\Users\princ\Downloads\preeti\partlater\VID-20220918-WA0012.mp4
2024-09-09 07:07:26,126 - Skipping non-image file: C:\Users\princ\Downloads\preeti\partlater\VID-20220919-WA0019.mp4
2024-09-09 07:07:26,126 - Skipping non-image file: C:\Users\princ\Downloads\preeti\partlater\VID-20220928-WA0100.mp4
2024-09-09 07:07:26,126 - Skipping non-image file: C:\Users\princ\Downloads\preeti\partlater\VID-20220929-WA0070.mp4
2024-09-09 07:07:26,126 - Skipping non-image file: C:\Users\princ\Downloads\preeti\partlater\VID-20220929-WA0071.mp4
2024-09-09 07:07:26,126 - Skipping non-image file: C:\Users\princ\Downloads\preeti\partlater\VID-20220930-WA0008.mp4
2024-09-09 07:07:26,126 - Skipping non-image file: C:\Users\princ\Downloads\preeti\partlater\VID-20221005-WA0025.mp4
2024-09-09 07:07:26,126 - Skipping non-image file: C:\Users\princ\Downloads\preeti\partlater\VID-20221005-WA0067.mp4
2024-09-09 07:07:26,126 - Skipping non-image file: C:\Users\princ\Downloads\preeti\partlater\VID-20221005-WA0080.mp4
2024-09-09 07:07:26,126 - Skipping non-image file: C:\Users\princ\Downloads\preeti\partlater\VID-20221007-WA0110.mp4
2024-09-09 07:07:26,126 - Skipping non-image file: C:\Users\princ\Downloads\preeti\partlater\VID-20221019-WA0007.mp4
2024-09-09 07:07:26,126 - Skipping non-image file: C:\Users\princ\Downloads\preeti\partlater\VID-20221019-WA0008.mp4
2024-09-09 07:07:26,126 - Skipping non-image file: C:\Users\princ\Downloads\preeti\partlater\VID-20221019-WA0026.mp4
2024-09-09 07:07:26,126 - Skipping non-image file: C:\Users\princ\Downloads\preeti\partlater\VID-20221021-WA0000.mp4
2024-09-09 07:07:26,127 - Skipping non-image file: C:\Users\princ\Downloads\preeti\partlater\VID-20221022-WA0029.mp4
2024-09-09 07:07:26,127 - Skipping non-image file: C:\Users\princ\Downloads\preeti\partlater\VID-20221022-WA0054.mp4
2024-09-09 07:07:26,127 - Skipping non-image file: C:\Users\princ\Downloads\preeti\partlater\VID-20221102-WA0006.mp4
2024-09-09 07:07:26,127 - Skipping non-image file: C:\Users\princ\Downloads\preeti\partlater\VID-20221102-WA0011.mp4
2024-09-09 07:07:26,127 - Skipping non-image file: C:\Users\princ\Downloads\preeti\partlater\VID-20221112-WA0000.mp4
2024-09-09 07:07:26,127 - Skipping non-image file: C:\Users\princ\Downloads\preeti\partlater\VID-20221123-WA0007.mp4
2024-09-09 07:07:26,127 - Skipping non-image file: C:\Users\princ\Downloads\preeti\partlater\VID-20221124-WA0001.mp4
2024-09-09 07:07:26,127 - Skipping non-image file: C:\Users\princ\Downloads\preeti\partlater\VID-20221125-WA0025.mp4
2024-09-09 07:07:26,127 - Skipping non-image file: C:\Users\princ\Downloads\preeti\partlater\VID-20221125-WA0026.mp4
2024-09-09 07:07:26,127 - Skipping non-image file: C:\Users\princ\Downloads\preeti\partlater\VID-20221125-WA0088.mp4
2024-09-09 07:07:26,127 - Skipping non-image file: C:\Users\princ\Downloads\preeti\partlater\VID-20221125-WA0089.mp4
2024-09-09 07:07:26,127 - Skipping non-image file: C:\Users\princ\Downloads\preeti\partlater\VID-20221126-WA0015.mp4
2024-09-09 07:07:26,127 - Skipping non-image file: C:\Users\princ\Downloads\preeti\partlater\VID-20221127-WA0009.mp4
2024-09-09 07:07:26,127 - Skipping non-image file: C:\Users\princ\Downloads\preeti\partlater\VID-20221202-WA0014.mp4
2024-09-09 07:07:26,127 - Skipping non-image file: C:\Users\princ\Downloads\preeti\partlater\VID-20221211-WA0015.mp4
2024-09-09 07:07:26,127 - Skipping non-image file: C:\Users\princ\Downloads\preeti\partlater\VID-20221213-WA0070.mp4
2024-09-09 07:07:26,127 - Skipping non-image file: C:\Users\princ\Downloads\preeti\partlater\VID-20221213-WA0071.mp4
2024-09-09 07:07:26,127 - Skipping non-image file: C:\Users\princ\Downloads\preeti\partlater\VID-20221215-WA0007.mp4
2024-09-09 07:07:26,127 - Skipping non-image file: C:\Users\princ\Downloads\preeti\partlater\VID-20221226-WA0005.mp4
2024-09-09 07:07:26,127 - Skipping non-image file: C:\Users\princ\Downloads\preeti\partlater\VID-20221226-WA0006.mp4
2024-09-09 07:07:26,127 - Skipping non-image file: C:\Users\princ\Downloads\preeti\partlater\VID-20221226-WA0007.mp4
2024-09-09 07:07:26,127 - Skipping non-image file: C:\Users\princ\Downloads\preeti\partlater\VID-20221226-WA0008.mp4
2024-09-09 07:07:26,127 - Skipping non-image file: C:\Users\princ\Downloads\preeti\partlater\VID-20221228-WA0003.mp4
2024-09-09 07:07:26,127 - Skipping non-image file: C:\Users\princ\Downloads\preeti\partlater\VID-20221231-WA0006.mp4
2024-09-09 07:07:26,127 - Skipping non-image file: C:\Users\princ\Downloads\preeti\partlater\VID-20221231-WA0011.mp4
2024-09-09 07:07:26,127 - Skipping non-image file: C:\Users\princ\Downloads\preeti\partlater\VID-20230106-WA0003.mp4
2024-09-09 07:07:26,127 - Skipping non-image file: C:\Users\princ\Downloads\preeti\partlater\VID-20230107-WA0003.mp4
2024-09-09 07:07:26,127 - Skipping non-image file: C:\Users\princ\Downloads\preeti\partlater\VID-20230112-WA0007.mp4
2024-09-09 07:07:26,128 - Skipping non-image file: C:\Users\princ\Downloads\preeti\partlater\VID-20230114-WA0000.mp4
2024-09-09 07:07:26,128 - Skipping non-image file: C:\Users\princ\Downloads\preeti\partlater\VID-20230114-WA0023.mp4
2024-09-09 07:07:26,128 - Skipping non-image file: C:\Users\princ\Downloads\preeti\partlater\VID-20230114-WA0026.mp4
2024-09-09 07:07:26,128 - Skipping non-image file: C:\Users\princ\Downloads\preeti\partlater\VID-20230114-WA0027.mp4
2024-09-09 07:07:26,128 - Skipping non-image file: C:\Users\princ\Downloads\preeti\partlater\VID-20230118-WA0009.mp4
2024-09-09 07:07:26,128 - Skipping non-image file: C:\Users\princ\Downloads\preeti\partlater\VID-20230118-WA0011.mp4
2024-09-09 07:07:26,128 - Skipping non-image file: C:\Users\princ\Downloads\preeti\partlater\VID-20230118-WA0016.mp4
2024-09-09 07:07:26,128 - Skipping non-image file: C:\Users\princ\Downloads\preeti\partlater\VID-20230118-WA0017.mp4
2024-09-09 07:07:26,128 - Skipping non-image file: C:\Users\princ\Downloads\preeti\partlater\VID-20230118-WA0018.mp4
2024-09-09 07:07:26,128 - Skipping non-image file: C:\Users\princ\Downloads\preeti\partlater\VID-20230118-WA0019.mp4
2024-09-09 07:07:26,128 - Skipping non-image file: C:\Users\princ\Downloads\preeti\partlater\VID-20230118-WA0020.mp4
2024-09-09 07:07:26,128 - Skipping non-image file: C:\Users\princ\Downloads\preeti\partlater\VID-20230122-WA0005.mp4
2024-09-09 07:07:26,128 - Skipping non-image file: C:\Users\princ\Downloads\preeti\partlater\VID-20230122-WA0006.mp4
2024-09-09 07:07:26,128 - Skipping non-image file: C:\Users\princ\Downloads\preeti\partlater\VID-20230122-WA0010.mp4
2024-09-09 07:07:26,128 - Skipping non-image file: C:\Users\princ\Downloads\preeti\partlater\VID-20230122-WA0018.mp4
2024-09-09 07:07:26,128 - Skipping non-image file: C:\Users\princ\Downloads\preeti\partlater\VID-20230122-WA0019.mp4
2024-09-09 07:07:26,128 - Skipping non-image file: C:\Users\princ\Downloads\preeti\partlater\VID-20230122-WA0020.mp4
2024-09-09 07:07:26,128 - Skipping non-image file: C:\Users\princ\Downloads\preeti\partlater\VID-20230122-WA0021.mp4
2024-09-09 07:07:26,128 - Skipping non-image file: C:\Users\princ\Downloads\preeti\partlater\VID-20230122-WA0022.mp4
2024-09-09 07:07:26,128 - Skipping non-image file: C:\Users\princ\Downloads\preeti\partlater\VID-20230122-WA0023.mp4
2024-09-09 07:07:26,128 - Skipping non-image file: C:\Users\princ\Downloads\preeti\partlater\VID-20230122-WA0024.mp4
2024-09-09 07:07:26,128 - Skipping non-image file: C:\Users\princ\Downloads\preeti\partlater\VID-20230122-WA0025.mp4
2024-09-09 07:07:26,128 - Skipping non-image file: C:\Users\princ\Downloads\preeti\partlater\VID-20230122-WA0028.mp4
2024-09-09 07:07:26,129 - Skipping non-image file: C:\Users\princ\Downloads\preeti\partlater\VID-20230122-WA0029.mp4
2024-09-09 07:07:26,129 - Skipping non-image file: C:\Users\princ\Downloads\preeti\partlater\VID-20230122-WA0030.mp4
2024-09-09 07:07:26,129 - Skipping non-image file: C:\Users\princ\Downloads\preeti\partlater\VID-20230122-WA0031.mp4
2024-09-09 07:07:26,129 - Skipping non-image file: C:\Users\princ\Downloads\preeti\partlater\VID-20230122-WA0032.mp4
2024-09-09 07:07:26,129 - Skipping non-image file: C:\Users\princ\Downloads\preeti\partlater\VID-20230123-WA0013.mp4
2024-09-09 07:07:26,129 - Skipping non-image file: C:\Users\princ\Downloads\preeti\partlater\VID-20230123-WA0015.mp4
2024-09-09 07:07:26,129 - Skipping non-image file: C:\Users\princ\Downloads\preeti\partlater\VID-20230123-WA0016.mp4
2024-09-09 07:07:26,129 - Skipping non-image file: C:\Users\princ\Downloads\preeti\partlater\VID-20230123-WA0024.mp4
2024-09-09 07:07:26,129 - Skipping non-image file: C:\Users\princ\Downloads\preeti\partlater\VID-20230124-WA0004.mp4
2024-09-09 07:07:26,129 - Skipping non-image file: C:\Users\princ\Downloads\preeti\partlater\VID-20230126-WA0013.mp4
2024-09-09 07:07:26,129 - Skipping non-image file: C:\Users\princ\Downloads\preeti\partlater\VID-20230127-WA0005.mp4
2024-09-09 07:07:26,129 - Skipping non-image file: C:\Users\princ\Downloads\preeti\partlater\VID-20230128-WA0009.mp4
2024-09-09 07:07:26,129 - Skipping non-image file: C:\Users\princ\Downloads\preeti\partlater\VID-20230129-WA0000.mp4
2024-09-09 07:07:26,129 - Skipping non-image file: C:\Users\princ\Downloads\preeti\partlater\VID-20230302-WA0006.mp4
2024-09-09 07:07:26,129 - Skipping non-image file: C:\Users\princ\Downloads\preeti\partlater\VID-20230302-WA0007.mp4
2024-09-09 07:07:26,129 - Skipping non-image file: C:\Users\princ\Downloads\preeti\partlater\VID-20230307-WA0009.mp4
2024-09-09 07:07:26,129 - Skipping non-image file: C:\Users\princ\Downloads\preeti\partlater\VID-20230310-WA0002.mp4
2024-09-09 07:07:26,129 - Skipping non-image file: C:\Users\princ\Downloads\preeti\partlater\VID-20230311-WA0008.mp4
2024-09-09 07:07:26,129 - Skipping non-image file: C:\Users\princ\Downloads\preeti\partlater\VID-20230317-WA0008.mp4
2024-09-09 07:07:26,129 - Skipping non-image file: C:\Users\princ\Downloads\preeti\partlater\VID-20230318-WA0008.mp4
2024-09-09 07:07:26,129 - Skipping non-image file: C:\Users\princ\Downloads\preeti\partlater\VID-20230319-WA0060.mp4
2024-09-09 07:07:26,129 - Skipping non-image file: C:\Users\princ\Downloads\preeti\partlater\VID-20230323-WA0002.mp4
2024-09-09 07:07:26,129 - Skipping non-image file: C:\Users\princ\Downloads\preeti\partlater\VID-20230327-WA0022.mp4
2024-09-09 07:07:26,129 - Skipping non-image file: C:\Users\princ\Downloads\preeti\partlater\VID-20230329-WA0011.mp4
2024-09-09 07:07:26,129 - Skipping non-image file: C:\Users\princ\Downloads\preeti\partlater\VID-20230329-WA0013.mp4
2024-09-09 07:07:26,130 - Skipping non-image file: C:\Users\princ\Downloads\preeti\partlater\VID-20230401-WA0020.mp4
2024-09-09 07:07:26,130 - Skipping non-image file: C:\Users\princ\Downloads\preeti\partlater\VID-20230407-WA0024.mp4
2024-09-09 07:07:26,130 - Skipping non-image file: C:\Users\princ\Downloads\preeti\partlater\VID-20230409-WA0012.mp4
2024-09-09 07:07:26,130 - Skipping non-image file: C:\Users\princ\Downloads\preeti\partlater\VID-20230411-WA0016.mp4
2024-09-09 07:07:26,130 - Skipping non-image file: C:\Users\princ\Downloads\preeti\partlater\VID-20230413-WA0002.mp4
2024-09-09 07:07:26,130 - Skipping non-image file: C:\Users\princ\Downloads\preeti\partlater\VID-20230413-WA0011.mp4
2024-09-09 07:07:26,130 - Skipping non-image file: C:\Users\princ\Downloads\preeti\partlater\VID-20230414-WA0008.mp4
2024-09-09 07:07:26,130 - Skipping non-image file: C:\Users\princ\Downloads\preeti\partlater\VID-20230416-WA0007.mp4
2024-09-09 07:07:26,130 - Skipping non-image file: C:\Users\princ\Downloads\preeti\partlater\VID-20230418-WA0000.mp4
2024-09-09 07:07:26,130 - Skipping non-image file: C:\Users\princ\Downloads\preeti\partlater\VID-20230419-WA0002.mp4
2024-09-09 07:07:26,130 - Skipping non-image file: C:\Users\princ\Downloads\preeti\partlater\VID-20230419-WA0005.mp4
2024-09-09 07:07:26,130 - Skipping non-image file: C:\Users\princ\Downloads\preeti\partlater\VID-20230420-WA0006.mp4
2024-09-09 07:07:26,130 - Skipping non-image file: C:\Users\princ\Downloads\preeti\partlater\VID-20230421-WA0014.mp4
2024-09-09 07:07:26,130 - Skipping non-image file: C:\Users\princ\Downloads\preeti\partlater\VID-20230421-WA0027.mp4
2024-09-09 07:07:26,130 - Skipping non-image file: C:\Users\princ\Downloads\preeti\partlater\VID-20230422-WA0003.mp4
2024-09-09 07:07:26,131 - Skipping non-image file: C:\Users\princ\Downloads\preeti\partlater\VID-20230422-WA0004.mp4
2024-09-09 07:07:26,131 - Skipping non-image file: C:\Users\princ\Downloads\preeti\partlater\VID-20230422-WA0005.mp4
2024-09-09 07:07:26,131 - Skipping non-image file: C:\Users\princ\Downloads\preeti\partlater\VID-20230422-WA0006.mp4
2024-09-09 07:07:26,131 - Skipping non-image file: C:\Users\princ\Downloads\preeti\partlater\VID-20230422-WA0008.mp4
2024-09-09 07:07:26,131 - Skipping non-image file: C:\Users\princ\Downloads\preeti\partlater\VID-20230423-WA0006.mp4
2024-09-09 07:07:26,131 - Skipping non-image file: C:\Users\princ\Downloads\preeti\partlater\VID-20230428-WA0026.mp4
2024-09-09 07:07:26,131 - Skipping non-image file: C:\Users\princ\Downloads\preeti\partlater\VID-20230429-WA0006.mp4
2024-09-09 07:07:26,131 - Skipping non-image file: C:\Users\princ\Downloads\preeti\partlater\VID-20230429-WA0014.mp4
2024-09-09 07:07:26,131 - Skipping non-image file: C:\Users\princ\Downloads\preeti\partlater\VID-20230504-WA0000.mp4
2024-09-09 07:07:26,131 - Skipping non-image file: C:\Users\princ\Downloads\preeti\partlater\VID-20230516-WA0003.mp4
2024-09-09 07:07:26,131 - Skipping non-image file: C:\Users\princ\Downloads\preeti\partlater\VID-20230529-WA0001.mp4
2024-09-09 07:07:26,131 - Skipping non-image file: C:\Users\princ\Downloads\preeti\partlater\VID-20230607-WA0001.mp4
2024-09-09 07:07:26,131 - Skipping non-image file: C:\Users\princ\Downloads\preeti\partlater\VID-20230610-WA0009.mp4
2024-09-09 07:07:26,131 - Skipping non-image file: C:\Users\princ\Downloads\preeti\partlater\VID-20230610-WA0038.mp4
2024-09-09 07:07:26,131 - Skipping non-image file: C:\Users\princ\Downloads\preeti\partlater\VID-20230610-WA0039.mp4
2024-09-09 07:07:26,131 - Skipping non-image file: C:\Users\princ\Downloads\preeti\partlater\VID-20230610-WA0040.mp4
2024-09-09 07:07:26,131 - Skipping non-image file: C:\Users\princ\Downloads\preeti\partlater\VID-20230610-WA0042.mp4
2024-09-09 07:07:26,131 - Skipping non-image file: C:\Users\princ\Downloads\preeti\partlater\VID-20230610-WA0043.mp4
2024-09-09 07:07:26,131 - Skipping non-image file: C:\Users\princ\Downloads\preeti\partlater\VID-20230612-WA0002.mp4
2024-09-09 07:07:26,131 - Skipping non-image file: C:\Users\princ\Downloads\preeti\partlater\VID-20230612-WA0003.mp4
2024-09-09 07:07:26,131 - Skipping non-image file: C:\Users\princ\Downloads\preeti\partlater\VID-20230612-WA0009.mp4
2024-09-09 07:07:26,131 - Skipping non-image file: C:\Users\princ\Downloads\preeti\partlater\VID-20230612-WA0011.mp4
2024-09-09 07:07:26,131 - Skipping non-image file: C:\Users\princ\Downloads\preeti\partlater\VID-20230613-WA0007.mp4
2024-09-09 07:07:26,131 - Skipping non-image file: C:\Users\princ\Downloads\preeti\partlater\VID-20230626-WA0032.mp4
2024-09-09 07:07:26,131 - Skipping non-image file: C:\Users\princ\Downloads\preeti\partlater\VID-20230627-WA0020.mp4
2024-09-09 07:07:26,132 - Skipping non-image file: C:\Users\princ\Downloads\preeti\partlater\VID-20230629-WA0016.mp4
2024-09-09 07:07:26,132 - Skipping non-image file: C:\Users\princ\Downloads\preeti\partlater\VID-20230629-WA0017.mp4
2024-09-09 07:07:26,132 - Skipping non-image file: C:\Users\princ\Downloads\preeti\partlater\VID-20230630-WA0018.mp4
2024-09-09 07:07:26,132 - Skipping non-image file: C:\Users\princ\Downloads\preeti\partlater\VID-20230702-WA0007.mp4
2024-09-09 07:07:26,132 - Skipping non-image file: C:\Users\princ\Downloads\preeti\partlater\VID-20230705-WA0003.mp4
2024-09-09 07:07:26,132 - Skipping non-image file: C:\Users\princ\Downloads\preeti\partlater\VID-20230705-WA0006.mp4
2024-09-09 07:07:26,132 - Skipping non-image file: C:\Users\princ\Downloads\preeti\partlater\VID-20230705-WA0007.mp4
2024-09-09 07:07:26,132 - Skipping non-image file: C:\Users\princ\Downloads\preeti\partlater\VID-20230705-WA0010.mp4
2024-09-09 07:07:26,132 - Skipping non-image file: C:\Users\princ\Downloads\preeti\partlater\VID-20230705-WA0018.mp4
2024-09-09 07:07:26,132 - Skipping non-image file: C:\Users\princ\Downloads\preeti\partlater\VID-20230706-WA0001.mp4
2024-09-09 07:07:26,132 - Skipping non-image file: C:\Users\princ\Downloads\preeti\partlater\VID-20230706-WA0007.mp4
2024-09-09 07:07:26,132 - Skipping non-image file: C:\Users\princ\Downloads\preeti\partlater\VID-20230706-WA0008.mp4
2024-09-09 07:07:26,132 - Skipping non-image file: C:\Users\princ\Downloads\preeti\partlater\VID-20230706-WA0010.mp4
2024-09-09 07:07:26,132 - Skipping non-image file: C:\Users\princ\Downloads\preeti\partlater\VID-20230707-WA0045.mp4
2024-09-09 07:07:26,132 - Skipping non-image file: C:\Users\princ\Downloads\preeti\partlater\VID-20230707-WA0046.mp4
2024-09-09 07:07:26,132 - Skipping non-image file: C:\Users\princ\Downloads\preeti\partlater\VID-20230707-WA0055.mp4
2024-09-09 07:07:26,132 - Skipping non-image file: C:\Users\princ\Downloads\preeti\partlater\VID-20230707-WA0057.mp4
2024-09-09 07:07:26,132 - Skipping non-image file: C:\Users\princ\Downloads\preeti\partlater\VID-20230707-WA0058.mp4
2024-09-09 07:07:26,132 - Skipping non-image file: C:\Users\princ\Downloads\preeti\partlater\VID-20230708-WA0004.mp4
2024-09-09 07:07:26,132 - Skipping non-image file: C:\Users\princ\Downloads\preeti\partlater\VID-20230708-WA0005.mp4
2024-09-09 07:07:26,132 - Skipping non-image file: C:\Users\princ\Downloads\preeti\partlater\VID-20230708-WA0006.mp4
2024-09-09 07:07:26,132 - Skipping non-image file: C:\Users\princ\Downloads\preeti\partlater\VID-20230708-WA0008.mp4
2024-09-09 07:07:26,132 - Skipping non-image file: C:\Users\princ\Downloads\preeti\partlater\VID-20230708-WA0011.mp4
2024-09-09 07:07:26,132 - Skipping non-image file: C:\Users\princ\Downloads\preeti\partlater\VID-20230709-WA0062.mp4
2024-09-09 07:07:26,132 - Skipping non-image file: C:\Users\princ\Downloads\preeti\partlater\VID-20230710-WA0003.mp4
2024-09-09 07:07:26,132 - Skipping non-image file: C:\Users\princ\Downloads\preeti\partlater\VID-20230712-WA0005.mp4
2024-09-09 07:07:26,132 - Skipping non-image file: C:\Users\princ\Downloads\preeti\partlater\VID-20230717-WA0000.mp4
2024-09-09 07:07:26,132 - Skipping non-image file: C:\Users\princ\Downloads\preeti\partlater\VID-20230722-WA0001.mp4
2024-09-09 07:07:26,132 - Skipping non-image file: C:\Users\princ\Downloads\preeti\partlater\VID-20230722-WA0005.mp4
2024-09-09 07:07:26,132 - Skipping non-image file: C:\Users\princ\Downloads\preeti\partlater\VID-20230722-WA0006.mp4
2024-09-09 07:07:26,132 - Skipping non-image file: C:\Users\princ\Downloads\preeti\partlater\VID-20230722-WA0007.mp4
2024-09-09 07:07:26,132 - Skipping non-image file: C:\Users\princ\Downloads\preeti\partlater\VID-20230730-WA0008.mp4
2024-09-09 07:07:26,132 - Skipping non-image file: C:\Users\princ\Downloads\preeti\partlater\VID-20230806-WA0013.mp4
2024-09-09 07:07:26,133 - Skipping non-image file: C:\Users\princ\Downloads\preeti\partlater\VID-20230807-WA0002.mp4
2024-09-09 07:07:26,133 - Skipping non-image file: C:\Users\princ\Downloads\preeti\partlater\VID-20230807-WA0003.mp4
2024-09-09 07:07:26,133 - Skipping non-image file: C:\Users\princ\Downloads\preeti\partlater\VID-20230811-WA0015.mp4
2024-09-09 07:07:26,133 - Skipping non-image file: C:\Users\princ\Downloads\preeti\partlater\VID-20230811-WA0016.mp4
2024-09-09 07:07:26,133 - Skipping non-image file: C:\Users\princ\Downloads\preeti\partlater\VID-20230814-WA0007.mp4
2024-09-09 07:07:26,133 - Skipping non-image file: C:\Users\princ\Downloads\preeti\partlater\VID-20230814-WA0008.mp4
2024-09-09 07:07:26,133 - Skipping non-image file: C:\Users\princ\Downloads\preeti\partlater\VID-20230814-WA0009.mp4
2024-09-09 07:07:26,133 - Skipping non-image file: C:\Users\princ\Downloads\preeti\partlater\VID-20230816-WA0004.mp4
2024-09-09 07:07:26,133 - Skipping non-image file: C:\Users\princ\Downloads\preeti\partlater\VID-20230817-WA0019.mp4
2024-09-09 07:07:26,133 - Skipping non-image file: C:\Users\princ\Downloads\preeti\partlater\VID-20230818-WA0005.mp4
2024-09-09 07:07:26,133 - Skipping non-image file: C:\Users\princ\Downloads\preeti\partlater\VID-20230818-WA0006.mp4
2024-09-09 07:07:26,133 - Skipping non-image file: C:\Users\princ\Downloads\preeti\partlater\VID-20230823-WA0015.mp4
2024-09-09 07:07:26,133 - Skipping non-image file: C:\Users\princ\Downloads\preeti\partlater\VID-20230826-WA0013.mp4
2024-09-09 07:07:26,133 - Skipping non-image file: C:\Users\princ\Downloads\preeti\partlater\VID-20230903-WA0002.mp4
2024-09-09 07:07:26,133 - Skipping non-image file: C:\Users\princ\Downloads\preeti\partlater\VID-20230904-WA0006.mp4
2024-09-09 07:07:26,133 - Skipping non-image file: C:\Users\princ\Downloads\preeti\partlater\VID-20230908-WA0022.mp4
2024-09-09 07:07:26,133 - Skipping non-image file: C:\Users\princ\Downloads\preeti\partlater\VID-20230911-WA0002.mp4
2024-09-09 07:07:26,133 - Skipping non-image file: C:\Users\princ\Downloads\preeti\partlater\VID-20230919-WA0009.mp4
2024-09-09 07:07:26,133 - Skipping non-image file: C:\Users\princ\Downloads\preeti\partlater\VID-20230919-WA0012.mp4
2024-09-09 07:07:26,133 - Skipping non-image file: C:\Users\princ\Downloads\preeti\partlater\VID-20230923-WA0007.mp4
2024-09-09 07:07:26,133 - Skipping non-image file: C:\Users\princ\Downloads\preeti\partlater\VID-20230926-WA0006.mp4
2024-09-09 07:07:26,133 - Skipping non-image file: C:\Users\princ\Downloads\preeti\partlater\VID-20230928-WA0000.mp4
2024-09-09 07:07:26,133 - Skipping non-image file: C:\Users\princ\Downloads\preeti\partlater\VID-20230928-WA0002.mp4
2024-09-09 07:07:26,133 - Skipping non-image file: C:\Users\princ\Downloads\preeti\partlater\VID-20230928-WA0003.mp4
2024-09-09 07:07:26,133 - Skipping non-image file: C:\Users\princ\Downloads\preeti\partlater\VID-20230928-WA0004.mp4
2024-09-09 07:07:26,133 - Skipping non-image file: C:\Users\princ\Downloads\preeti\partlater\VID-20230928-WA0005.mp4
2024-09-09 07:07:26,133 - Skipping non-image file: C:\Users\princ\Downloads\preeti\partlater\VID-20230928-WA0007.mp4
2024-09-09 07:07:26,133 - Skipping non-image file: C:\Users\princ\Downloads\preeti\partlater\VID-20230928-WA0009.mp4
2024-09-09 07:07:26,133 - Skipping non-image file: C:\Users\princ\Downloads\preeti\partlater\VID-20230929-WA0012.mp4
2024-09-09 07:07:26,133 - Skipping non-image file: C:\Users\princ\Downloads\preeti\partlater\VID-20230930-WA0007.mp4
2024-09-09 07:07:26,133 - Skipping non-image file: C:\Users\princ\Downloads\preeti\partlater\VID-20230930-WA0008.mp4
2024-09-09 07:07:26,133 - Skipping non-image file: C:\Users\princ\Downloads\preeti\partlater\VID-20231001-WA0018-LAPTOP-PE107S70.mp4
2024-09-09 07:07:26,133 - Skipping non-image file: C:\Users\princ\Downloads\preeti\partlater\VID-20231001-WA0019-LAPTOP-PE107S70-LAPTOP-PE10.mp4
2024-09-09 07:07:26,134 - Skipping non-image file: C:\Users\princ\Downloads\preeti\partlater\VID-20231004-WA0007.mp4
2024-09-09 07:07:26,134 - Skipping non-image file: C:\Users\princ\Downloads\preeti\partlater\VID-20231007-WA0003-LAPTOP-PE107S70-LAPTOP-PE10.mp4
2024-09-09 07:07:26,134 - Skipping non-image file: C:\Users\princ\Downloads\preeti\partlater\VID-20231008-WA0005.mp4
2024-09-09 07:07:26,134 - Skipping non-image file: C:\Users\princ\Downloads\preeti\partlater\VID-20231009-WA0010.mp4
2024-09-09 07:07:26,134 - Skipping non-image file: C:\Users\princ\Downloads\preeti\partlater\VID-20231012-WA0007.mp4
2024-09-09 07:07:26,134 - Skipping non-image file: C:\Users\princ\Downloads\preeti\partlater\VID-20231024-WA0002.mp4
2024-09-09 07:07:26,134 - Skipping non-image file: C:\Users\princ\Downloads\preeti\partlater\VID-20231030-WA0002-LAPTOP-PE107S70.mp4
2024-09-09 07:07:26,134 - Skipping non-image file: C:\Users\princ\Downloads\preeti\partlater\VID-20231101-WA0001.mp4
2024-09-09 07:07:26,134 - Skipping non-image file: C:\Users\princ\Downloads\preeti\partlater\VID-20231102-WA0009.mp4
2024-09-09 07:07:26,134 - Skipping non-image file: C:\Users\princ\Downloads\preeti\partlater\VID-20231103-WA0004.mp4
2024-09-09 07:07:26,134 - Skipping non-image file: C:\Users\princ\Downloads\preeti\partlater\VID-20231103-WA0007.mp4
2024-09-09 07:07:26,134 - Skipping non-image file: C:\Users\princ\Downloads\preeti\partlater\VID-20231104-WA0023.mp4
2024-09-09 07:07:26,134 - Skipping non-image file: C:\Users\princ\Downloads\preeti\partlater\VID-20231106-WA0004.mp4
2024-09-09 07:07:26,134 - Skipping non-image file: C:\Users\princ\Downloads\preeti\partlater\VID-20231110-WA0000.mp4
2024-09-09 07:07:26,134 - Skipping non-image file: C:\Users\princ\Downloads\preeti\partlater\VID-20231128-WA0026.mp4
2024-09-09 07:07:26,134 - Skipping non-image file: C:\Users\princ\Downloads\preeti\partlater\VID-20231128-WA0039.mp4
2024-09-09 07:07:26,134 - Skipping non-image file: C:\Users\princ\Downloads\preeti\partlater\VID-20231128-WA0040.mp4
2024-09-09 07:07:26,134 - Skipping non-image file: C:\Users\princ\Downloads\preeti\partlater\VID-20231129-WA0000.mp4
2024-09-09 07:07:26,134 - Skipping non-image file: C:\Users\princ\Downloads\preeti\partlater\VID-20231129-WA0001.mp4
2024-09-09 07:07:26,134 - Skipping non-image file: C:\Users\princ\Downloads\preeti\partlater\VID-20231129-WA0002.mp4
2024-09-09 07:07:26,134 - Skipping non-image file: C:\Users\princ\Downloads\preeti\partlater\VID-20231130-WA0014.mp4
2024-09-09 07:07:26,134 - Skipping non-image file: C:\Users\princ\Downloads\preeti\partlater\VID-20231204-WA0034.mp4
2024-09-09 07:07:26,134 - Skipping non-image file: C:\Users\princ\Downloads\preeti\partlater\VID-20231204-WA0037.mp4
2024-09-09 07:07:26,134 - Skipping non-image file: C:\Users\princ\Downloads\preeti\partlater\VID-20240226-WA0000.mp4
2024-09-09 07:07:26,134 - Skipping non-image file: C:\Users\princ\Downloads\preeti\partlater\VID20230513205658.mp4
2024-09-09 07:07:26,134 - Skipping non-image file: C:\Users\princ\Downloads\preeti\partlater\VID20231107123120.mp4
2024-09-09 07:07:26,134 - Skipping non-image file: C:\Users\princ\Downloads\preeti\partlater\VID20231109141004.mp4
2024-09-09 07:07:26,134 - Skipping non-image file: C:\Users\princ\Downloads\preeti\partlater\VID20231208233242.mp4
2024-09-09 07:07:26,134 - Skipping non-image file: C:\Users\princ\Downloads\preeti\partlater\VID20231208233919.mp4
2024-09-09 07:07:26,134 - Skipping non-image file: C:\Users\princ\Downloads\preeti\partlater\VID_20240709_152727898.mp4
2024-09-09 07:07:26,134 - Skipping non-image file: C:\Users\princ\Downloads\preeti\partlater\VID_20240720_211827286.mp4
2024-09-09 07:07:26,134 - Skipping non-image file: C:\Users\princ\Downloads\preeti\partlater\VID_20240720_211916830.mp4
2024-09-09 07:07:26,134 - Skipping non-image file: C:\Users\princ\Downloads\preeti\partlater\VID_20240720_212109850.mp4
2024-09-09 07:07:26,134 - Skipping non-image file: C:\Users\princ\Downloads\preeti\partlater\VID_20240814_142829975.mp4
2024-09-09 07:07:26,135 - Skipping non-image file: C:\Users\princ\Downloads\preeti\partlater\VID_20240814_143804104.mp4
2024-09-09 07:07:26,135 - Skipping non-image file: C:\Users\princ\Downloads\preeti\partlater\VID_20240816_220656563.mp4
2024-09-09 07:07:26,135 - Skipping non-image file: C:\Users\princ\Downloads\preeti\partlater\VID_20240822_120007094.mp4
2024-09-09 07:07:26,135 - Skipping non-image file: C:\Users\princ\Downloads\preeti\partlater\VID_20240822_173043188.mp4
2024-09-09 07:07:26,135 - Skipping non-image file: C:\Users\princ\Downloads\preeti\partlater\VID_20240822_173251735.mp4
2024-09-09 07:07:26,135 - Skipping non-image file: C:\Users\princ\Downloads\preeti\partlater\VID_536091206_045816_942.mp4
2024-09-09 07:07:26,135 - Skipping non-image file: C:\Users\princ\Downloads\preeti\partlater\VN20231226_234535.mp4
2024-09-09 07:07:26,135 - Skipping non-image file: C:\Users\princ\Downloads\preeti\partlater\VN20231227_003102.mp4
2024-09-09 07:07:26,135 - Skipping non-image file: C:\Users\princ\Downloads\preeti\partlater\VN20231227_003706.mp4
2024-09-09 07:07:26,135 - Skipping non-image file: C:\Users\princ\Downloads\preeti\partlater\wander_wonder_women-04-04-2023-0001.mp4
2024-09-09 07:07:26,135 - Skipping non-image file: C:\Users\princ\Downloads\preeti\partlater\yoga.rubika-05-07-2023-0001.mp4
2024-09-09 07:07:26,135 - Skipping non-image file: C:\Users\princ\Downloads\preeti\partlater\zyotiii-10-03-2023-0001.mp4
2024-09-09 07:07:26,135 - Skipping non-image file: C:\Users\princ\Downloads\preeti\partlater\_ahalyaaa-02-07-2023-0001.mp4
2024-09-09 07:07:26,135 - Skipping non-image file: C:\Users\princ\Downloads\preeti\partlater\_chillhum-05-07-2023-0001.mp4
2024-09-09 07:07:26,135 - Skipping non-image file: C:\Users\princ\Downloads\preeti\partlater\_yet_another_engineer-09-07-2023-0001.mp4
